22-12-2019 18:09:33.665 [main] INFO  o.a.coyote.http11.Http11NioProtocol.log - Initializing ProtocolHandler ["http-nio-8080"]
22-12-2019 18:09:33.672 [main] INFO  o.a.catalina.core.StandardService.log - Starting service [Tomcat]
22-12-2019 18:09:33.673 [main] INFO  o.a.catalina.core.StandardEngine.log - Starting Servlet engine: [Apache Tomcat/9.0.27]
22-12-2019 18:09:33.798 [main] INFO  o.a.c.c.C.[Tomcat].[localhost].[/].log - Initializing Spring embedded WebApplicationContext
22-12-2019 18:09:34.812 [main] INFO  s.d.s.w.PropertySourcedRequestMappingHandlerMapping.initHandlerMethods - Mapped URL path [/v2/api-docs] onto method [springfox.documentation.swagger2.web.Swagger2Controller#getDocumentation(String, HttpServletRequest)]
22-12-2019 18:09:35.325 [main] INFO  s.d.s.w.p.DocumentationPluginsBootstrapper.start - Context refreshed
22-12-2019 18:09:35.371 [main] INFO  s.d.s.w.p.DocumentationPluginsBootstrapper.start - Found 1 custom documentation plugin(s)
22-12-2019 18:09:35.427 [main] INFO  s.d.s.w.s.ApiListingReferenceScanner.scan - Scanning for api listing references
22-12-2019 18:09:35.664 [main] INFO  o.a.coyote.http11.Http11NioProtocol.log - Starting ProtocolHandler ["http-nio-8080"]
22-12-2019 18:09:49.561 [http-nio-8080-exec-1] INFO  o.a.c.c.C.[Tomcat].[localhost].[/].log - Initializing Spring DispatcherServlet 'dispatcherServlet'
22-12-2019 18:09:49.646 [http-nio-8080-exec-1] INFO  com.zaxxer.hikari.HikariDataSource.getConnection - HikariPool-1 - Starting...
22-12-2019 18:09:50.663 [http-nio-8080-exec-1] INFO  com.zaxxer.hikari.HikariDataSource.getConnection - HikariPool-1 - Start completed.
22-12-2019 18:10:33.402 [SpringContextShutdownHook] INFO  com.zaxxer.hikari.HikariDataSource.close - HikariPool-1 - Shutdown initiated...
22-12-2019 18:10:33.424 [SpringContextShutdownHook] INFO  com.zaxxer.hikari.HikariDataSource.close - HikariPool-1 - Shutdown completed.
22-12-2019 18:11:43.667 [main] INFO  ekb.sboot.ktpub.api.Application.logStarting - Starting Application v1.0-SNAPSHOT on ANmk2-11 with PID 9380 (D:\data\prjs\givc-ekb\src\ekb-sboot-ktpub-api\target\ekb-sboot-ktpub-api-1.0-SNAPSHOT.jar started by ayrat.haliullin in D:\data\prjs\givc-ekb\src\ekb-sboot-ktpub-api)
22-12-2019 18:11:43.678 [main] DEBUG ekb.sboot.ktpub.api.Application.logStarting - Running with Spring Boot v2.2.0.RELEASE, Spring v5.2.0.RELEASE
22-12-2019 18:11:43.680 [main] INFO  ekb.sboot.ktpub.api.Application.logStartupProfileInfo - No active profile set, falling back to default profiles: default
22-12-2019 18:11:46.381 [main] INFO  o.s.c.s.PostProcessorRegistrationDelegate$BeanPostProcessorChecker.postProcessAfterInitialization - Bean 'org.springframework.transaction.annotation.ProxyTransactionManagementConfiguration' of type [org.springframework.transaction.annotation.ProxyTransactionManagementConfiguration] is not eligible for getting processed by all BeanPostProcessors (for example: not eligible for auto-proxying)
22-12-2019 18:11:47.327 [main] INFO  o.s.b.w.e.tomcat.TomcatWebServer.initialize - Tomcat initialized with port(s): 8080 (http)
22-12-2019 18:11:47.356 [main] INFO  o.a.coyote.http11.Http11NioProtocol.log - Initializing ProtocolHandler ["http-nio-8080"]
22-12-2019 18:11:47.358 [main] INFO  o.a.catalina.core.StandardService.log - Starting service [Tomcat]
22-12-2019 18:11:47.360 [main] INFO  o.a.catalina.core.StandardEngine.log - Starting Servlet engine: [Apache Tomcat/9.0.27]
22-12-2019 18:11:47.524 [main] INFO  o.a.c.c.C.[Tomcat].[localhost].[/].log - Initializing Spring embedded WebApplicationContext
22-12-2019 18:11:47.526 [main] INFO  o.s.web.context.ContextLoader.prepareWebApplicationContext - Root WebApplicationContext: initialization completed in 3720 ms
22-12-2019 18:11:48.900 [main] INFO  s.d.s.w.PropertySourcedRequestMappingHandlerMapping.initHandlerMethods - Mapped URL path [/v2/api-docs] onto method [springfox.documentation.swagger2.web.Swagger2Controller#getDocumentation(String, HttpServletRequest)]
22-12-2019 18:11:49.127 [main] INFO  o.s.s.c.ThreadPoolTaskExecutor.initialize - Initializing ExecutorService 'applicationTaskExecutor'
22-12-2019 18:11:49.567 [main] INFO  s.d.s.w.p.DocumentationPluginsBootstrapper.start - Context refreshed
22-12-2019 18:11:49.661 [main] INFO  s.d.s.w.p.DocumentationPluginsBootstrapper.start - Found 1 custom documentation plugin(s)
22-12-2019 18:11:49.779 [main] INFO  s.d.s.w.s.ApiListingReferenceScanner.scan - Scanning for api listing references
22-12-2019 18:11:50.205 [main] INFO  o.a.coyote.http11.Http11NioProtocol.log - Starting ProtocolHandler ["http-nio-8080"]
22-12-2019 18:11:50.268 [main] INFO  o.s.b.w.e.tomcat.TomcatWebServer.start - Tomcat started on port(s): 8080 (http) with context path ''
22-12-2019 18:11:50.275 [main] INFO  ekb.sboot.ktpub.api.Application.logStarted - Started Application in 7.742 seconds (JVM running for 8.537)
22-12-2019 18:12:03.242 [http-nio-8080-exec-2] INFO  o.a.c.c.C.[Tomcat].[localhost].[/].log - Initializing Spring DispatcherServlet 'dispatcherServlet'
22-12-2019 18:12:03.244 [http-nio-8080-exec-2] INFO  o.s.web.servlet.DispatcherServlet.initServletBean - Initializing Servlet 'dispatcherServlet'
22-12-2019 18:12:03.264 [http-nio-8080-exec-2] INFO  o.s.web.servlet.DispatcherServlet.initServletBean - Completed initialization in 19 ms
22-12-2019 18:12:03.379 [http-nio-8080-exec-2] INFO  com.zaxxer.hikari.HikariDataSource.getConnection - HikariPool-1 - Starting...
22-12-2019 18:12:04.632 [http-nio-8080-exec-2] INFO  com.zaxxer.hikari.HikariDataSource.getConnection - HikariPool-1 - Start completed.
22-12-2019 18:16:23.941 [SpringContextShutdownHook] INFO  o.s.s.c.ThreadPoolTaskExecutor.shutdown - Shutting down ExecutorService 'applicationTaskExecutor'
22-12-2019 18:16:23.950 [SpringContextShutdownHook] INFO  com.zaxxer.hikari.HikariDataSource.close - HikariPool-1 - Shutdown initiated...
22-12-2019 18:16:24.010 [SpringContextShutdownHook] INFO  com.zaxxer.hikari.HikariDataSource.close - HikariPool-1 - Shutdown completed.
22-12-2019 18:16:34.856 [main] INFO  ekb.sboot.ktpub.api.Application.logStarting - Starting Application v1.0-SNAPSHOT on ANmk2-11 with PID 5724 (D:\data\prjs\givc-ekb\src\ekb-sboot-ktpub-api\target\ekb-sboot-ktpub-api-1.0-SNAPSHOT.jar started by ayrat.haliullin in D:\data\prjs\givc-ekb\src\ekb-sboot-ktpub-api)
22-12-2019 18:16:34.867 [main] DEBUG ekb.sboot.ktpub.api.Application.logStarting - Running with Spring Boot v2.2.0.RELEASE, Spring v5.2.0.RELEASE
22-12-2019 18:16:34.869 [main] INFO  ekb.sboot.ktpub.api.Application.logStartupProfileInfo - No active profile set, falling back to default profiles: default
22-12-2019 18:16:37.586 [main] INFO  o.s.c.s.PostProcessorRegistrationDelegate$BeanPostProcessorChecker.postProcessAfterInitialization - Bean 'org.springframework.transaction.annotation.ProxyTransactionManagementConfiguration' of type [org.springframework.transaction.annotation.ProxyTransactionManagementConfiguration] is not eligible for getting processed by all BeanPostProcessors (for example: not eligible for auto-proxying)
22-12-2019 18:16:38.487 [main] INFO  o.s.b.w.e.tomcat.TomcatWebServer.initialize - Tomcat initialized with port(s): 8080 (http)
22-12-2019 18:16:38.515 [main] INFO  o.a.coyote.http11.Http11NioProtocol.log - Initializing ProtocolHandler ["http-nio-8080"]
22-12-2019 18:16:38.517 [main] INFO  o.a.catalina.core.StandardService.log - Starting service [Tomcat]
22-12-2019 18:16:38.519 [main] INFO  o.a.catalina.core.StandardEngine.log - Starting Servlet engine: [Apache Tomcat/9.0.27]
22-12-2019 18:16:38.686 [main] INFO  o.a.c.c.C.[Tomcat].[localhost].[/].log - Initializing Spring embedded WebApplicationContext
22-12-2019 18:16:38.687 [main] INFO  o.s.web.context.ContextLoader.prepareWebApplicationContext - Root WebApplicationContext: initialization completed in 3691 ms
22-12-2019 18:16:40.074 [main] INFO  s.d.s.w.PropertySourcedRequestMappingHandlerMapping.initHandlerMethods - Mapped URL path [/v2/api-docs] onto method [springfox.documentation.swagger2.web.Swagger2Controller#getDocumentation(String, HttpServletRequest)]
22-12-2019 18:16:40.292 [main] INFO  o.s.s.c.ThreadPoolTaskExecutor.initialize - Initializing ExecutorService 'applicationTaskExecutor'
22-12-2019 18:16:40.736 [main] INFO  s.d.s.w.p.DocumentationPluginsBootstrapper.start - Context refreshed
22-12-2019 18:16:40.835 [main] INFO  s.d.s.w.p.DocumentationPluginsBootstrapper.start - Found 1 custom documentation plugin(s)
22-12-2019 18:16:40.953 [main] INFO  s.d.s.w.s.ApiListingReferenceScanner.scan - Scanning for api listing references
22-12-2019 18:16:41.360 [main] INFO  o.a.coyote.http11.Http11NioProtocol.log - Starting ProtocolHandler ["http-nio-8080"]
22-12-2019 18:16:41.424 [main] INFO  o.s.b.w.e.tomcat.TomcatWebServer.start - Tomcat started on port(s): 8080 (http) with context path ''
22-12-2019 18:16:41.431 [main] INFO  ekb.sboot.ktpub.api.Application.logStarted - Started Application in 7.683 seconds (JVM running for 8.467)
22-12-2019 18:16:49.862 [http-nio-8080-exec-1] INFO  o.a.c.c.C.[Tomcat].[localhost].[/].log - Initializing Spring DispatcherServlet 'dispatcherServlet'
22-12-2019 18:16:49.863 [http-nio-8080-exec-1] INFO  o.s.web.servlet.DispatcherServlet.initServletBean - Initializing Servlet 'dispatcherServlet'
22-12-2019 18:16:49.885 [http-nio-8080-exec-1] INFO  o.s.web.servlet.DispatcherServlet.initServletBean - Completed initialization in 22 ms
22-12-2019 18:16:49.955 [http-nio-8080-exec-1] DEBUG r.b.s.c.security.SecurityFilterBase.debug - Start process request {hints}...
22-12-2019 18:16:49.991 [http-nio-8080-exec-1] INFO  com.zaxxer.hikari.HikariDataSource.getConnection - HikariPool-1 - Starting...
22-12-2019 18:16:51.164 [http-nio-8080-exec-1] INFO  com.zaxxer.hikari.HikariDataSource.getConnection - HikariPool-1 - Start completed.
22-12-2019 18:16:51.986 [http-nio-8080-exec-1] DEBUG r.b.s.c.security.SecurityFilterBase.debug - End processing request {hints}!
22-12-2019 18:19:53.631 [SpringContextShutdownHook] INFO  o.s.s.c.ThreadPoolTaskExecutor.shutdown - Shutting down ExecutorService 'applicationTaskExecutor'
22-12-2019 18:19:53.636 [SpringContextShutdownHook] INFO  com.zaxxer.hikari.HikariDataSource.close - HikariPool-1 - Shutdown initiated...
22-12-2019 18:19:53.660 [SpringContextShutdownHook] INFO  com.zaxxer.hikari.HikariDataSource.close - HikariPool-1 - Shutdown completed.
22-12-2019 18:20:23.931 [main] INFO  ekb.sboot.ktpub.api.Application.logStarting - Starting Application on ANmk2-11 with PID 7656 (D:\data\prjs\givc-ekb\src\ekb-sboot-ktpub-api\target\classes started by ayrat.haliullin in D:\data\prjs\givc-ekb\src\ekb-sboot-ktpub-api)
22-12-2019 18:20:23.936 [main] DEBUG ekb.sboot.ktpub.api.Application.logStarting - Running with Spring Boot v2.2.0.RELEASE, Spring v5.2.0.RELEASE
22-12-2019 18:20:23.938 [main] INFO  ekb.sboot.ktpub.api.Application.logStartupProfileInfo - No active profile set, falling back to default profiles: default
22-12-2019 18:20:25.298 [main] INFO  o.s.c.s.PostProcessorRegistrationDelegate$BeanPostProcessorChecker.postProcessAfterInitialization - Bean 'org.springframework.transaction.annotation.ProxyTransactionManagementConfiguration' of type [org.springframework.transaction.annotation.ProxyTransactionManagementConfiguration] is not eligible for getting processed by all BeanPostProcessors (for example: not eligible for auto-proxying)
22-12-2019 18:20:25.608 [main] INFO  o.s.b.w.e.tomcat.TomcatWebServer.initialize - Tomcat initialized with port(s): 8080 (http)
22-12-2019 18:20:25.618 [main] INFO  o.a.coyote.http11.Http11NioProtocol.log - Initializing ProtocolHandler ["http-nio-8080"]
22-12-2019 18:20:25.619 [main] INFO  o.a.catalina.core.StandardService.log - Starting service [Tomcat]
22-12-2019 18:20:25.620 [main] INFO  o.a.catalina.core.StandardEngine.log - Starting Servlet engine: [Apache Tomcat/9.0.27]
22-12-2019 18:20:25.731 [main] INFO  o.a.c.c.C.[Tomcat].[localhost].[/].log - Initializing Spring embedded WebApplicationContext
22-12-2019 18:20:25.732 [main] INFO  o.s.web.context.ContextLoader.prepareWebApplicationContext - Root WebApplicationContext: initialization completed in 1733 ms
22-12-2019 18:20:26.268 [main] INFO  s.d.s.w.PropertySourcedRequestMappingHandlerMapping.initHandlerMethods - Mapped URL path [/v2/api-docs] onto method [springfox.documentation.swagger2.web.Swagger2Controller#getDocumentation(String, HttpServletRequest)]
22-12-2019 18:20:26.382 [main] INFO  o.s.s.c.ThreadPoolTaskExecutor.initialize - Initializing ExecutorService 'applicationTaskExecutor'
22-12-2019 18:20:26.566 [main] INFO  s.d.s.w.p.DocumentationPluginsBootstrapper.start - Context refreshed
22-12-2019 18:20:26.587 [main] INFO  s.d.s.w.p.DocumentationPluginsBootstrapper.start - Found 1 custom documentation plugin(s)
22-12-2019 18:20:26.704 [main] INFO  s.d.s.w.s.ApiListingReferenceScanner.scan - Scanning for api listing references
22-12-2019 18:20:26.863 [main] INFO  o.a.coyote.http11.Http11NioProtocol.log - Starting ProtocolHandler ["http-nio-8080"]
22-12-2019 18:20:26.895 [main] INFO  o.s.b.w.e.tomcat.TomcatWebServer.start - Tomcat started on port(s): 8080 (http) with context path ''
22-12-2019 18:20:26.899 [main] INFO  ekb.sboot.ktpub.api.Application.logStarted - Started Application in 3.7 seconds (JVM running for 4.657)
22-12-2019 18:20:39.255 [http-nio-8080-exec-1] INFO  o.a.c.c.C.[Tomcat].[localhost].[/].log - Initializing Spring DispatcherServlet 'dispatcherServlet'
22-12-2019 18:20:39.255 [http-nio-8080-exec-1] INFO  o.s.web.servlet.DispatcherServlet.initServletBean - Initializing Servlet 'dispatcherServlet'
22-12-2019 18:20:39.265 [http-nio-8080-exec-1] INFO  o.s.web.servlet.DispatcherServlet.initServletBean - Completed initialization in 9 ms
22-12-2019 18:20:39.292 [http-nio-8080-exec-1] DEBUG r.b.s.c.security.SecurityFilterBase.debug - Start process request {hints}...
22-12-2019 18:20:39.299 [http-nio-8080-exec-1] DEBUG o.s.jdbc.core.JdbcTemplate.query - Executing prepared SQL query
22-12-2019 18:20:39.300 [http-nio-8080-exec-1] DEBUG o.s.jdbc.core.JdbcTemplate.execute - Executing prepared SQL statement [select * from table(KTPUB_API18.getHints(?, ?, ?, ?))]
22-12-2019 18:20:39.304 [http-nio-8080-exec-1] INFO  com.zaxxer.hikari.HikariDataSource.getConnection - HikariPool-1 - Starting...
22-12-2019 18:20:39.908 [http-nio-8080-exec-1] INFO  com.zaxxer.hikari.HikariDataSource.getConnection - HikariPool-1 - Start completed.
22-12-2019 18:20:40.174 [http-nio-8080-exec-1] DEBUG r.b.s.c.security.SecurityFilterBase.debug - End processing request {hints}!
22-12-2019 18:22:53.259 [main] INFO  ekb.sboot.ktpub.api.Application.logStarting - Starting Application on ANmk2-11 with PID 9176 (D:\data\prjs\givc-ekb\src\ekb-sboot-ktpub-api\target\classes started by ayrat.haliullin in D:\data\prjs\givc-ekb\src\ekb-sboot-ktpub-api)
22-12-2019 18:22:53.271 [main] DEBUG ekb.sboot.ktpub.api.Application.logStarting - Running with Spring Boot v2.2.0.RELEASE, Spring v5.2.0.RELEASE
22-12-2019 18:22:53.272 [main] INFO  ekb.sboot.ktpub.api.Application.logStartupProfileInfo - No active profile set, falling back to default profiles: default
22-12-2019 18:22:54.817 [main] INFO  o.s.c.s.PostProcessorRegistrationDelegate$BeanPostProcessorChecker.postProcessAfterInitialization - Bean 'org.springframework.transaction.annotation.ProxyTransactionManagementConfiguration' of type [org.springframework.transaction.annotation.ProxyTransactionManagementConfiguration] is not eligible for getting processed by all BeanPostProcessors (for example: not eligible for auto-proxying)
22-12-2019 18:22:55.147 [main] INFO  o.s.b.w.e.tomcat.TomcatWebServer.initialize - Tomcat initialized with port(s): 8080 (http)
22-12-2019 18:22:55.157 [main] INFO  o.a.coyote.http11.Http11NioProtocol.log - Initializing ProtocolHandler ["http-nio-8080"]
22-12-2019 18:22:55.158 [main] INFO  o.a.catalina.core.StandardService.log - Starting service [Tomcat]
22-12-2019 18:22:55.159 [main] INFO  o.a.catalina.core.StandardEngine.log - Starting Servlet engine: [Apache Tomcat/9.0.27]
22-12-2019 18:22:55.277 [main] INFO  o.a.c.c.C.[Tomcat].[localhost].[/].log - Initializing Spring embedded WebApplicationContext
22-12-2019 18:22:55.278 [main] INFO  o.s.web.context.ContextLoader.prepareWebApplicationContext - Root WebApplicationContext: initialization completed in 1893 ms
22-12-2019 18:22:55.852 [main] INFO  s.d.s.w.PropertySourcedRequestMappingHandlerMapping.initHandlerMethods - Mapped URL path [/v2/api-docs] onto method [springfox.documentation.swagger2.web.Swagger2Controller#getDocumentation(String, HttpServletRequest)]
22-12-2019 18:22:55.968 [main] INFO  o.s.s.c.ThreadPoolTaskExecutor.initialize - Initializing ExecutorService 'applicationTaskExecutor'
22-12-2019 18:22:56.155 [main] INFO  s.d.s.w.p.DocumentationPluginsBootstrapper.start - Context refreshed
22-12-2019 18:22:56.176 [main] INFO  s.d.s.w.p.DocumentationPluginsBootstrapper.start - Found 1 custom documentation plugin(s)
22-12-2019 18:22:56.294 [main] INFO  s.d.s.w.s.ApiListingReferenceScanner.scan - Scanning for api listing references
22-12-2019 18:22:56.457 [main] INFO  o.a.coyote.http11.Http11NioProtocol.log - Starting ProtocolHandler ["http-nio-8080"]
22-12-2019 18:22:56.490 [main] INFO  o.s.b.w.e.tomcat.TomcatWebServer.start - Tomcat started on port(s): 8080 (http) with context path ''
22-12-2019 18:22:56.495 [main] INFO  ekb.sboot.ktpub.api.Application.logStarted - Started Application in 3.815 seconds (JVM running for 4.854)
22-12-2019 18:23:00.613 [http-nio-8080-exec-2] INFO  o.a.c.c.C.[Tomcat].[localhost].[/].log - Initializing Spring DispatcherServlet 'dispatcherServlet'
22-12-2019 18:23:00.614 [http-nio-8080-exec-2] INFO  o.s.web.servlet.DispatcherServlet.initServletBean - Initializing Servlet 'dispatcherServlet'
22-12-2019 18:23:00.624 [http-nio-8080-exec-2] INFO  o.s.web.servlet.DispatcherServlet.initServletBean - Completed initialization in 9 ms
22-12-2019 18:23:00.655 [http-nio-8080-exec-2] DEBUG r.b.s.c.security.SecurityFilterBase.debug - Start process request {hints}...
22-12-2019 18:23:00.663 [http-nio-8080-exec-2] DEBUG o.s.jdbc.core.JdbcTemplate.query - Executing prepared SQL query
22-12-2019 18:23:00.664 [http-nio-8080-exec-2] DEBUG o.s.jdbc.core.JdbcTemplate.execute - Executing prepared SQL statement [select * from table(KTPUB_API18.getHints(?, ?, ?, ?))]
22-12-2019 18:23:00.668 [http-nio-8080-exec-2] INFO  com.zaxxer.hikari.HikariDataSource.getConnection - HikariPool-1 - Starting...
22-12-2019 18:23:01.324 [http-nio-8080-exec-2] INFO  com.zaxxer.hikari.HikariDataSource.getConnection - HikariPool-1 - Start completed.
22-12-2019 18:23:01.438 [http-nio-8080-exec-2] TRACE o.s.jdbc.core.StatementCreatorUtils.setParameterValueInternal - Setting SQL statement parameter value: column index 1, parameter value [0], value class [java.lang.String], SQL type unknown
22-12-2019 18:23:01.439 [http-nio-8080-exec-2] TRACE o.s.jdbc.core.StatementCreatorUtils.setParameterValueInternal - Setting SQL statement parameter value: column index 2, parameter value [0], value class [java.lang.String], SQL type unknown
22-12-2019 18:23:01.440 [http-nio-8080-exec-2] TRACE o.s.jdbc.core.StatementCreatorUtils.setParameterValueInternal - Setting SQL statement parameter value: column index 3, parameter value [0], value class [java.lang.String], SQL type unknown
22-12-2019 18:23:01.440 [http-nio-8080-exec-2] TRACE o.s.jdbc.core.StatementCreatorUtils.setParameterValueInternal - Setting SQL statement parameter value: column index 4, parameter value [null], value class [null], SQL type unknown
22-12-2019 18:23:01.446 [http-nio-8080-exec-2] DEBUG o.s.jdbc.core.StatementCreatorUtils.setNull - JDBC getParameterType call failed - using fallback method instead: java.sql.SQLFeatureNotSupportedException: Не поддерживаемая функция: checkValidIndex
22-12-2019 18:23:01.595 [http-nio-8080-exec-2] DEBUG r.b.s.c.security.SecurityFilterBase.debug - End processing request {hints}!
22-12-2019 18:24:39.830 [main] INFO  ekb.sboot.ktpub.api.Application.logStarting - Starting Application on ANmk2-11 with PID 7076 (D:\data\prjs\givc-ekb\src\ekb-sboot-ktpub-api\target\classes started by ayrat.haliullin in D:\data\prjs\givc-ekb\src\ekb-sboot-ktpub-api)
22-12-2019 18:24:39.835 [main] DEBUG ekb.sboot.ktpub.api.Application.logStarting - Running with Spring Boot v2.2.0.RELEASE, Spring v5.2.0.RELEASE
22-12-2019 18:24:39.836 [main] INFO  ekb.sboot.ktpub.api.Application.logStartupProfileInfo - No active profile set, falling back to default profiles: default
22-12-2019 18:24:41.261 [main] INFO  o.s.c.s.PostProcessorRegistrationDelegate$BeanPostProcessorChecker.postProcessAfterInitialization - Bean 'org.springframework.transaction.annotation.ProxyTransactionManagementConfiguration' of type [org.springframework.transaction.annotation.ProxyTransactionManagementConfiguration] is not eligible for getting processed by all BeanPostProcessors (for example: not eligible for auto-proxying)
22-12-2019 18:24:41.602 [main] INFO  o.s.b.w.e.tomcat.TomcatWebServer.initialize - Tomcat initialized with port(s): 8080 (http)
22-12-2019 18:24:41.614 [main] INFO  o.a.coyote.http11.Http11NioProtocol.log - Initializing ProtocolHandler ["http-nio-8080"]
22-12-2019 18:24:41.615 [main] INFO  o.a.catalina.core.StandardService.log - Starting service [Tomcat]
22-12-2019 18:24:41.615 [main] INFO  o.a.catalina.core.StandardEngine.log - Starting Servlet engine: [Apache Tomcat/9.0.27]
22-12-2019 18:24:41.741 [main] INFO  o.a.c.c.C.[Tomcat].[localhost].[/].log - Initializing Spring embedded WebApplicationContext
22-12-2019 18:24:41.741 [main] INFO  o.s.web.context.ContextLoader.prepareWebApplicationContext - Root WebApplicationContext: initialization completed in 1789 ms
22-12-2019 18:24:42.343 [main] INFO  s.d.s.w.PropertySourcedRequestMappingHandlerMapping.initHandlerMethods - Mapped URL path [/v2/api-docs] onto method [springfox.documentation.swagger2.web.Swagger2Controller#getDocumentation(String, HttpServletRequest)]
22-12-2019 18:24:42.473 [main] INFO  o.s.s.c.ThreadPoolTaskExecutor.initialize - Initializing ExecutorService 'applicationTaskExecutor'
22-12-2019 18:24:42.777 [main] INFO  s.d.s.w.p.DocumentationPluginsBootstrapper.start - Context refreshed
22-12-2019 18:24:42.803 [main] INFO  s.d.s.w.p.DocumentationPluginsBootstrapper.start - Found 1 custom documentation plugin(s)
22-12-2019 18:24:42.851 [main] INFO  s.d.s.w.s.ApiListingReferenceScanner.scan - Scanning for api listing references
22-12-2019 18:24:43.036 [main] INFO  o.a.coyote.http11.Http11NioProtocol.log - Starting ProtocolHandler ["http-nio-8080"]
22-12-2019 18:24:43.078 [main] INFO  o.s.b.w.e.tomcat.TomcatWebServer.start - Tomcat started on port(s): 8080 (http) with context path ''
22-12-2019 18:24:43.083 [main] INFO  ekb.sboot.ktpub.api.Application.logStarted - Started Application in 3.942 seconds (JVM running for 7.067)
22-12-2019 18:24:49.879 [SpringContextShutdownHook] INFO  o.s.s.c.ThreadPoolTaskExecutor.shutdown - Shutting down ExecutorService 'applicationTaskExecutor'
22-12-2019 18:26:05.003 [main] INFO  ekb.sboot.ktpub.api.Application.logStarting - Starting Application on ANmk2-11 with PID 6412 (D:\data\prjs\givc-ekb\src\ekb-sboot-ktpub-api\target\classes started by ayrat.haliullin in D:\data\prjs\givc-ekb\src\ekb-sboot-ktpub-api)
22-12-2019 18:26:05.008 [main] DEBUG ekb.sboot.ktpub.api.Application.logStarting - Running with Spring Boot v2.2.0.RELEASE, Spring v5.2.0.RELEASE
22-12-2019 18:26:05.008 [main] INFO  ekb.sboot.ktpub.api.Application.logStartupProfileInfo - No active profile set, falling back to default profiles: default
22-12-2019 18:26:06.491 [main] INFO  o.s.c.s.PostProcessorRegistrationDelegate$BeanPostProcessorChecker.postProcessAfterInitialization - Bean 'org.springframework.transaction.annotation.ProxyTransactionManagementConfiguration' of type [org.springframework.transaction.annotation.ProxyTransactionManagementConfiguration] is not eligible for getting processed by all BeanPostProcessors (for example: not eligible for auto-proxying)
22-12-2019 18:26:06.805 [main] INFO  o.s.b.w.e.tomcat.TomcatWebServer.initialize - Tomcat initialized with port(s): 8080 (http)
22-12-2019 18:26:06.815 [main] INFO  o.a.coyote.http11.Http11NioProtocol.log - Initializing ProtocolHandler ["http-nio-8080"]
22-12-2019 18:26:06.816 [main] INFO  o.a.catalina.core.StandardService.log - Starting service [Tomcat]
22-12-2019 18:26:06.816 [main] INFO  o.a.catalina.core.StandardEngine.log - Starting Servlet engine: [Apache Tomcat/9.0.27]
22-12-2019 18:26:06.925 [main] INFO  o.a.c.c.C.[Tomcat].[localhost].[/].log - Initializing Spring embedded WebApplicationContext
22-12-2019 18:26:06.925 [main] INFO  o.s.web.context.ContextLoader.prepareWebApplicationContext - Root WebApplicationContext: initialization completed in 1794 ms
22-12-2019 18:26:07.462 [main] INFO  s.d.s.w.PropertySourcedRequestMappingHandlerMapping.initHandlerMethods - Mapped URL path [/v2/api-docs] onto method [springfox.documentation.swagger2.web.Swagger2Controller#getDocumentation(String, HttpServletRequest)]
22-12-2019 18:26:07.577 [main] INFO  o.s.s.c.ThreadPoolTaskExecutor.initialize - Initializing ExecutorService 'applicationTaskExecutor'
22-12-2019 18:26:07.761 [main] INFO  s.d.s.w.p.DocumentationPluginsBootstrapper.start - Context refreshed
22-12-2019 18:26:07.782 [main] INFO  s.d.s.w.p.DocumentationPluginsBootstrapper.start - Found 1 custom documentation plugin(s)
22-12-2019 18:26:07.896 [main] INFO  s.d.s.w.s.ApiListingReferenceScanner.scan - Scanning for api listing references
22-12-2019 18:26:08.054 [main] INFO  o.a.coyote.http11.Http11NioProtocol.log - Starting ProtocolHandler ["http-nio-8080"]
22-12-2019 18:26:08.085 [main] INFO  o.s.b.w.e.tomcat.TomcatWebServer.start - Tomcat started on port(s): 8080 (http) with context path ''
22-12-2019 18:26:08.090 [main] INFO  ekb.sboot.ktpub.api.Application.logStarted - Started Application in 3.72 seconds (JVM running for 4.708)
22-12-2019 18:26:12.513 [http-nio-8080-exec-1] INFO  o.a.c.c.C.[Tomcat].[localhost].[/].log - Initializing Spring DispatcherServlet 'dispatcherServlet'
22-12-2019 18:26:12.514 [http-nio-8080-exec-1] INFO  o.s.web.servlet.DispatcherServlet.initServletBean - Initializing Servlet 'dispatcherServlet'
22-12-2019 18:26:12.524 [http-nio-8080-exec-1] INFO  o.s.web.servlet.DispatcherServlet.initServletBean - Completed initialization in 10 ms
22-12-2019 18:26:12.553 [http-nio-8080-exec-1] DEBUG r.b.s.c.security.SecurityFilterBase.debug - Start process request {hints}...
22-12-2019 18:26:12.561 [http-nio-8080-exec-1] DEBUG o.s.jdbc.core.JdbcTemplate.query - Executing prepared SQL query
22-12-2019 18:26:12.562 [http-nio-8080-exec-1] DEBUG o.s.jdbc.core.JdbcTemplate.execute - Executing prepared SQL statement [select * from table(KTPUB_API18.getHints(?, ?, ?, ?))]
22-12-2019 18:26:12.566 [http-nio-8080-exec-1] INFO  com.zaxxer.hikari.HikariDataSource.getConnection - HikariPool-1 - Starting...
22-12-2019 18:26:13.155 [http-nio-8080-exec-1] INFO  com.zaxxer.hikari.HikariDataSource.getConnection - HikariPool-1 - Start completed.
22-12-2019 18:26:13.264 [http-nio-8080-exec-1] TRACE o.s.jdbc.core.StatementCreatorUtils.setParameterValueInternal - Setting SQL statement parameter value: column index 1, parameter value [1], value class [java.lang.String], SQL type unknown
22-12-2019 18:26:13.265 [http-nio-8080-exec-1] TRACE o.s.jdbc.core.StatementCreatorUtils.setParameterValueInternal - Setting SQL statement parameter value: column index 2, parameter value [0], value class [java.lang.String], SQL type unknown
22-12-2019 18:26:13.266 [http-nio-8080-exec-1] TRACE o.s.jdbc.core.StatementCreatorUtils.setParameterValueInternal - Setting SQL statement parameter value: column index 3, parameter value [0], value class [java.lang.String], SQL type unknown
22-12-2019 18:26:13.266 [http-nio-8080-exec-1] TRACE o.s.jdbc.core.StatementCreatorUtils.setParameterValueInternal - Setting SQL statement parameter value: column index 4, parameter value [null], value class [null], SQL type unknown
22-12-2019 18:26:13.272 [http-nio-8080-exec-1] DEBUG o.s.jdbc.core.StatementCreatorUtils.setNull - JDBC getParameterType call failed - using fallback method instead: java.sql.SQLFeatureNotSupportedException: Не поддерживаемая функция: checkValidIndex
22-12-2019 18:26:13.447 [http-nio-8080-exec-1] DEBUG r.b.s.c.security.SecurityFilterBase.debug - End processing request {hints}!
